META DATA:
200
32
2020-01-01T12:51:32.124Z – [username1] - wanna top up 20l 
2020-01-01T12:52:34.769Z – [username2] - wanna scoop 50l
2020-01-01T12:53:32.124Z – [username1] - wanna top up 10l 
2020-01-01T12:54:34.769Z – [username2] - wanna scoop 20l 
2020-01-01T12:55:32.124Z – [username1] - wanna top up 100l 
2020-01-01T12:56:34.769Z – [username2] - wanna scoop 500l 
2020-01-01T12:57:32.124Z – [username1] - wanna top up 8l 
2020-01-01T12:58:34.769Z – [username2] - wanna scoop 60l 
2020-01-01T12:59:32.124Z – [username1] - wanna top up 10l 
2020-01-01T13:51:34.769Z – [username2] - wanna scoop 60l 
2020-01-01T14:51:32.124Z – [username1] - wanna top up 10l 
2020-01-01T15:51:34.769Z – [username2] - wanna scoop 20l 
2020-01-01T16:51:32.124Z – [username1] - wanna top up 30l 
2020-01-01T17:51:34.769Z – [username2] - wanna scoop 50l 
2020-01-01T18:51:32.124Z – [username1] - wanna top up 400l 
2020-01-01T19:11:34.769Z – [username2] - wanna scoop 10l 
2020-01-01T19:12:32.124Z – [username1] - wanna top up 110l 
2020-01-01T19:13:34.769Z – [username2] - wanna scoop 70l 
2020-01-01T19:14:32.124Z – [username1] - wanna top up 80l 
2020-01-01T19:15:34.769Z – [username2] - wanna scoop 10l 
2020-01-01T19:16:32.124Z – [username1] - wanna top up 30l 
2020-01-01T19:17:34.769Z – [username2] - wanna scoop 40l 
2020-01-01T19:18:32.124Z – [username1] - wanna top up 15l 
2020-01-01T19:19:34.769Z – [username2] - wanna scoop 52l 
2020-01-01T19:20:32.124Z – [username1] - wanna top up 11l 
2020-01-01T19:22:34.769Z – [username2] - wanna scoop 67l 
2020-01-01T19:23:32.124Z – [username1] - wanna top up 12l 
2020-01-01T19:24:34.769Z – [username2] - wanna scoop 15l 
2020-01-01T19:25:32.124Z – [username1] - wanna top up 17l 
2020-01-01T19:26:34.769Z – [username2] - wanna scoop 60l 
2020-01-01T19:27:32.124Z – [username1] - wanna top up 70l 
2020-01-01T19:28:34.769Z – [username2] - wanna scoop 88l 
2020-01-01T19:29:32.124Z – [username1] - wanna top up 91l 
2020-01-01T19:30:34.769Z – [username2] - wanna scoop 37l 
2020-01-01T19:31:32.124Z – [username1] - wanna top up 42l 
2020-01-01T19:32:34.769Z – [username2] - wanna scoop 55l 
2020-01-01T19:33:32.124Z – [username1] - wanna top up 66l 
2020-01-01T19:31:31.769Z – [username2] - wanna scoop 31l 
2020-01-01T19:35:32.124Z – [username1] - wanna top up 22l 
2020-01-01T19:36:34.769Z – [username2] - wanna scoop 175l